The system is: Linux - 4.4.0-19041-Microsoft - x86_64
Compiling the C compiler identification source file "CMakeCCompilerId.c" succeeded.
Compiler: /usr/bin/cc 
Build flags: 
Id flags: 

The output was:
0


Compilation of the C compiler identification source "CMakeCCompilerId.c" produced "a.out"

The C compiler identification is GNU, found in "/mnt/c/Users/Victoria/Documents/Academico/UBA/2022/Algo 2/Labos/labo 5 - listas enlazadas/cmake-build-debug/CMakeFiles/3.7.2/CompilerIdC/a.out"

Compiling the CXX compiler identification source file "CMakeCXXCompilerId.cpp" succeeded.
Compiler: /usr/bin/c++ 
Build flags: 
Id flags: 

The output was:
0


Compilation of the CXX compiler identification source "CMakeCXXCompilerId.cpp" produced "a.out"

The CXX compiler identification is GNU, found in "/mnt/c/Users/Victoria/Documents/Academico/UBA/2022/Algo 2/Labos/labo 5 - listas enlazadas/cmake-build-debug/CMakeFiles/3.7.2/CompilerIdCXX/a.out"

Determining if the C compiler works passed with the following output:
Change Dir: /mnt/c/Users/Victoria/Documents/Academico/UBA/2022/Algo 2/Labos/labo 5 - listas enlazadas/cmake-build-debug/CMakeFiles/CMakeTmp

Run Build Command:"/usr/bin/make" "cmTC_9cc7c/fast"
/usr/bin/make -f CMakeFiles/cmTC_9cc7c.dir/build.make CMakeFiles/cmTC_9cc7c.dir/build
make[1]: Entering directory '/mnt/c/Users/Victoria/Documents/Academico/UBA/2022/Algo 2/Labos/labo 5 - listas enlazadas/cmake-build-debug/CMakeFiles/CMakeTmp'
Building C object CMakeFiles/cmTC_9cc7c.dir/testCCompiler.c.o
/usr/bin/cc     -o CMakeFiles/cmTC_9cc7c.dir/testCCompiler.c.o   -c "/mnt/c/Users/Victoria/Documents/Academico/UBA/2022/Algo 2/Labos/labo 5 - listas enlazadas/cmake-build-debug/CMakeFiles/CMakeTmp/testCCompiler.c"
Linking C executable cmTC_9cc7c
/usr/bin/cmake -E cmake_link_script CMakeFiles/cmTC_9cc7c.dir/link.txt --verbose=1
/usr/bin/cc       CMakeFiles/cmTC_9cc7c.dir/testCCompiler.c.o  -o cmTC_9cc7c -rdynamic 
make[1]: Leaving directory '/mnt/c/Users/Victoria/Documents/Academico/UBA/2022/Algo 2/Labos/labo 5 - listas enlazadas/cmake-build-debug/CMakeFiles/CMakeTmp'


Determining if the CXX compiler works passed with the following output:
Change Dir: /mnt/c/Users/Victoria/Documents/Academico/UBA/2022/Algo 2/Labos/labo 5 - listas enlazadas/cmake-build-debug/CMakeFiles/CMakeTmp

Run Build Command:"/usr/bin/make" "cmTC_be9fe/fast"
/usr/bin/make -f CMakeFiles/cmTC_be9fe.dir/build.make CMakeFiles/cmTC_be9fe.dir/build
make[1]: Entering directory '/mnt/c/Users/Victoria/Documents/Academico/UBA/2022/Algo 2/Labos/labo 5 - listas enlazadas/cmake-build-debug/CMakeFiles/CMakeTmp'
Building CXX object CMakeFiles/cmTC_be9fe.dir/testCXXCompiler.cxx.o
/usr/bin/c++      -o CMakeFiles/cmTC_be9fe.dir/testCXXCompiler.cxx.o -c "/mnt/c/Users/Victoria/Documents/Academico/UBA/2022/Algo 2/Labos/labo 5 - listas enlazadas/cmake-build-debug/CMakeFiles/CMakeTmp/testCXXCompiler.cxx"
Linking CXX executable cmTC_be9fe
/usr/bin/cmake -E cmake_link_script CMakeFiles/cmTC_be9fe.dir/link.txt --verbose=1
/usr/bin/c++        CMakeFiles/cmTC_be9fe.dir/testCXXCompiler.cxx.o  -o cmTC_be9fe -rdynamic 
make[1]: Leaving directory '/mnt/c/Users/Victoria/Documents/Academico/UBA/2022/Algo 2/Labos/labo 5 - listas enlazadas/cmake-build-debug/CMakeFiles/CMakeTmp'


